  MainScene.cpp
c:\users\jungjohan\desktop\gamemechanics0917\library\sdl2\include\sdl_surface.h(70): warning C4099: 'SDL_Surface': type name first seen using 'class' now seen using 'struct'
  c:\users\jungjohan\desktop\gamemechanics0917\library\sdl2\include\sdl_surface.h(69): note: see declaration of 'SDL_Surface'
c:\users\jungjohan\desktop\gamemechanics0917\library\sdl2\include\sdl_video.h(90): warning C4099: 'SDL_Window': type name first seen using 'class' now seen using 'struct'
  c:\users\jungjohan\desktop\gamemechanics0917\sdl2_engine\renderer.h(5): note: see declaration of 'SDL_Window'
c:\users\jungjohan\desktop\gamemechanics0917\library\sdl2\include\sdl_render.h(121): warning C4099: 'SDL_Renderer': type name first seen using 'class' now seen using 'struct'
  c:\users\jungjohan\desktop\gamemechanics0917\sdl2_engine\renderer.h(6): note: see declaration of 'SDL_Renderer'
c:\users\jungjohan\desktop\gamemechanics0917\library\sdl2\include\sdl_render.h(122): warning C4099: 'SDL_Renderer': type name first seen using 'class' now seen using 'struct'
  c:\users\jungjohan\desktop\gamemechanics0917\library\sdl2\include\sdl_render.h(121): note: see declaration of 'SDL_Renderer'
c:\users\jungjohan\desktop\gamemechanics0917\library\sdl2\include\sdl_render.h(127): warning C4099: 'SDL_Texture': type name first seen using 'class' now seen using 'struct'
  c:\users\jungjohan\desktop\gamemechanics0917\sdl2_engine\text.h(7): note: see declaration of 'SDL_Texture'
c:\users\jungjohan\desktop\gamemechanics0917\library\sdl2\include\sdl_render.h(128): warning C4099: 'SDL_Texture': type name first seen using 'class' now seen using 'struct'
  c:\users\jungjohan\desktop\gamemechanics0917\library\sdl2\include\sdl_render.h(127): note: see declaration of 'SDL_Texture'
  SDL2_Engine.vcxproj -> C:\Users\Jungjohan\Desktop\GameMechanics0917\Build\bin\x64\Debug\SDL2_Engine.exe
  C:\Users\Jungjohan\Desktop\GameMechanics0917\Library\SDL2\lib\x64\SDL2.dll
  1 Datei(en) kopiert
  C:\Users\Jungjohan\Desktop\GameMechanics0917\Library\SDL2_ttf\lib\x64\libfreetype-6.dll
  C:\Users\Jungjohan\Desktop\GameMechanics0917\Library\SDL2_ttf\lib\x64\SDL2_ttf.dll
  C:\Users\Jungjohan\Desktop\GameMechanics0917\Library\SDL2_ttf\lib\x64\zlib1.dll
  3 Datei(en) kopiert
  C:\Users\Jungjohan\Desktop\GameMechanics0917\Library\SDL2_mixer\lib\x64\libFLAC-8.dll
  C:\Users\Jungjohan\Desktop\GameMechanics0917\Library\SDL2_mixer\lib\x64\libmodplug-1.dll
  C:\Users\Jungjohan\Desktop\GameMechanics0917\Library\SDL2_mixer\lib\x64\libmpg123-0.dll
  C:\Users\Jungjohan\Desktop\GameMechanics0917\Library\SDL2_mixer\lib\x64\libogg-0.dll
  C:\Users\Jungjohan\Desktop\GameMechanics0917\Library\SDL2_mixer\lib\x64\libvorbis-0.dll
  C:\Users\Jungjohan\Desktop\GameMechanics0917\Library\SDL2_mixer\lib\x64\libvorbisfile-3.dll
  C:\Users\Jungjohan\Desktop\GameMechanics0917\Library\SDL2_mixer\lib\x64\SDL2_mixer.dll
  7 Datei(en) kopiert
  C:\Users\Jungjohan\Desktop\GameMechanics0917\Library\SDL2_image\lib\x64\libjpeg-9.dll
  C:\Users\Jungjohan\Desktop\GameMechanics0917\Library\SDL2_image\lib\x64\libpng16-16.dll
  C:\Users\Jungjohan\Desktop\GameMechanics0917\Library\SDL2_image\lib\x64\libtiff-5.dll
  C:\Users\Jungjohan\Desktop\GameMechanics0917\Library\SDL2_image\lib\x64\libwebp-7.dll
  C:\Users\Jungjohan\Desktop\GameMechanics0917\Library\SDL2_image\lib\x64\SDL2_image.dll
  C:\Users\Jungjohan\Desktop\GameMechanics0917\Library\SDL2_image\lib\x64\zlib1.dll
  6 Datei(en) kopiert
